Library/Bee/Android/Prj/Mono2x/Gradle/launcher/build/intermediates/manifest_merge_blame_file/release/manifest-merger-blame-release-report.txt
1<?xml version="1.0" encoding="utf-8"?>
2<manifest xmlns:android="http://schemas.android.com/apk/res/android"
3    package="com.DefaultCompany.HoleandScore"
4    android:installLocation="auto"
5    android:versionCode="1"
6    android:versionName="0.1" >
7
8    <uses-sdk
9        android:minSdkVersion="23"
9-->src\main\AndroidManifest.xml
10        android:targetSdkVersion="30" />
10-->src\main\AndroidManifest.xml
11
12    <supports-screens
12-->src\main\AndroidManifest.xml:3:3-163
13        android:anyDensity="true"
13-->src\main\AndroidManifest.xml:3:135-160
14        android:largeScreens="true"
14-->src\main\AndroidManifest.xml:3:78-105
15        android:normalScreens="true"
15-->src\main\AndroidManifest.xml:3:49-77
16        android:smallScreens="true"
16-->src\main\AndroidManifest.xml:3:21-48
17        android:xlargeScreens="true" />
17-->src\main\AndroidManifest.xml:3:106-134
18
19    <uses-feature
19-->[:unityLibrary] AndroidManifest.xml:12:5-15:31
20        android:name="android.hardware.vr.headtracking"
20-->[:unityLibrary] AndroidManifest.xml:13:9-56
21        android:required="true"
21-->[:unityLibrary] AndroidManifest.xml:14:9-32
22        android:version="1" />
22-->[:unityLibrary] AndroidManifest.xml:15:9-28
23    <uses-feature
23-->[:unityLibrary] AndroidManifest.xml:16:5-18:36
24        android:name="oculus.software.handtracking"
24-->[:unityLibrary] AndroidManifest.xml:17:9-52
25        android:required="false" />
25-->[:unityLibrary] AndroidManifest.xml:18:9-33
26
27    <uses-permission android:name="com.oculus.permission.HAND_TRACKING" />
27-->[:unityLibrary] AndroidManifest.xml:20:5-75
27-->[:unityLibrary] AndroidManifest.xml:20:22-72
28
29    <uses-feature android:glEsVersion="0x00030000" />
29-->[:unityLibrary] AndroidManifest.xml:22:5-54
29-->[:unityLibrary] AndroidManifest.xml:22:19-51
30    <uses-feature
30-->[:unityLibrary] AndroidManifest.xml:23:5-25:36
31        android:name="android.hardware.vulkan.version"
31-->[:unityLibrary] AndroidManifest.xml:24:9-55
32        android:required="false" />
32-->[:unityLibrary] AndroidManifest.xml:25:9-33
33
34    <supports-gl-texture android:name="GL_KHR_texture_compression_astc_ldr" />
34-->[:unityLibrary] AndroidManifest.xml:27:5-79
34-->[:unityLibrary] AndroidManifest.xml:27:26-76
35
36    <uses-permission android:name="android.permission.INTERNET" />
36-->[:unityLibrary] AndroidManifest.xml:29:5-67
36-->[:unityLibrary] AndroidManifest.xml:29:22-64
37    <uses-permission android:name="android.permission.ACCESS_NETWORK_STATE" />
37-->[:unityLibrary] AndroidManifest.xml:30:5-79
37-->[:unityLibrary] AndroidManifest.xml:30:22-76
38    <uses-permission android:name="android.permission.RECORD_AUDIO" />
38-->[:unityLibrary] AndroidManifest.xml:31:5-71
38-->[:unityLibrary] AndroidManifest.xml:31:22-68
39    <uses-permission android:name="android.permission.MODIFY_AUDIO_SETTINGS" />
39-->[:unityLibrary] AndroidManifest.xml:32:5-80
39-->[:unityLibrary] AndroidManifest.xml:32:22-77
40
41    <uses-feature
41-->[:unityLibrary] AndroidManifest.xml:34:5-36:36
42        android:name="android.hardware.microphone"
42-->[:unityLibrary] AndroidManifest.xml:35:9-51
43        android:required="false" />
43-->[:unityLibrary] AndroidManifest.xml:36:9-33
44    <uses-feature
44-->[:unityLibrary] AndroidManifest.xml:37:5-39:36
45        android:name="android.hardware.touchscreen"
45-->[:unityLibrary] AndroidManifest.xml:38:9-52
46        android:required="false" />
46-->[:unityLibrary] AndroidManifest.xml:39:9-33
47    <uses-feature
47-->[:unityLibrary] AndroidManifest.xml:40:5-42:36
48        android:name="android.hardware.touchscreen.multitouch"
48-->[:unityLibrary] AndroidManifest.xml:41:9-63
49        android:required="false" />
49-->[:unityLibrary] AndroidManifest.xml:42:9-33
50    <uses-feature
50-->[:unityLibrary] AndroidManifest.xml:43:5-45:36
51        android:name="android.hardware.touchscreen.multitouch.distinct"
51-->[:unityLibrary] AndroidManifest.xml:44:9-72
52        android:required="false" />
52-->[:unityLibrary] AndroidManifest.xml:45:9-33
53    <uses-feature android:name="com.oculus.feature.RENDER_MODEL" />
53-->[:unityLibrary] AndroidManifest.xml:46:5-68
53-->[:unityLibrary] AndroidManifest.xml:46:19-65
54
55    <uses-permission android:name="com.oculus.permission.RENDER_MODEL" />
55-->[:unityLibrary] AndroidManifest.xml:48:5-74
55-->[:unityLibrary] AndroidManifest.xml:48:22-71
56
57    <application
57-->src\main\AndroidManifest.xml:4:3-83
58        android:allowBackup="false"
58-->[:unityLibrary] AndroidManifest.xml:51:9-36
59        android:extractNativeLibs="true"
59-->[:unityLibrary] AndroidManifest.xml:52:9-41
60        android:icon="@mipmap/app_icon"
60-->src\main\AndroidManifest.xml:4:49-80
61        android:label="@string/app_name"
61-->src\main\AndroidManifest.xml:4:16-48
62        android:networkSecurityConfig="@xml/network_sec_config" >
62-->[:unityLibrary] AndroidManifest.xml:55:9-64
63        <activity
63-->[:unityLibrary] AndroidManifest.xml:56:9-78:20
64            android:name="com.unity3d.player.UnityPlayerActivity"
64-->[:unityLibrary] AndroidManifest.xml:57:13-66
65            android:configChanges="keyboard|keyboardHidden|navigation|orientation|screenLayout|screenSize|uiMode"
65-->[:unityLibrary] AndroidManifest.xml:58:13-114
66            android:excludeFromRecents="true"
66-->[:unityLibrary] AndroidManifest.xml:59:13-46
67            android:hardwareAccelerated="false"
67-->[:unityLibrary] AndroidManifest.xml:60:13-48
68            android:launchMode="singleTask"
68-->[:unityLibrary] AndroidManifest.xml:61:13-44
69            android:resizeableActivity="false"
69-->[:unityLibrary] AndroidManifest.xml:62:13-47
70            android:screenOrientation="landscape"
70-->[:unityLibrary] AndroidManifest.xml:63:13-50
71            android:theme="@android:style/Theme.Black.NoTitleBar.Fullscreen" >
71-->[:unityLibrary] AndroidManifest.xml:64:13-77
72            <intent-filter>
72-->[:unityLibrary] AndroidManifest.xml:65:13-70:29
73                <action android:name="android.intent.action.MAIN" />
73-->[:unityLibrary] AndroidManifest.xml:66:17-69
73-->[:unityLibrary] AndroidManifest.xml:66:25-66
74
75                <category android:name="android.intent.category.LAUNCHER" />
75-->[:unityLibrary] AndroidManifest.xml:68:17-77
75-->[:unityLibrary] AndroidManifest.xml:68:27-74
76                <category android:name="com.oculus.intent.category.VR" />
76-->[:unityLibrary] AndroidManifest.xml:69:17-74
76-->[:unityLibrary] AndroidManifest.xml:69:27-71
77            </intent-filter>
78
79            <meta-data
79-->[:unityLibrary] AndroidManifest.xml:72:13-74:40
80                android:name="com.oculus.vr.focusaware"
80-->[:unityLibrary] AndroidManifest.xml:73:17-56
81                android:value="true" />
81-->[:unityLibrary] AndroidManifest.xml:74:17-37
82            <meta-data
82-->[:unityLibrary] AndroidManifest.xml:75:13-77:40
83                android:name="android.notch_support"
83-->[:unityLibrary] AndroidManifest.xml:76:17-53
84                android:value="true" />
84-->[:unityLibrary] AndroidManifest.xml:77:17-37
85        </activity>
86
87        <meta-data
87-->[:unityLibrary] AndroidManifest.xml:80:9-82:37
88            android:name="unityplayer.SkipPermissionsDialog"
88-->[:unityLibrary] AndroidManifest.xml:81:13-61
89            android:value="false" />
89-->[:unityLibrary] AndroidManifest.xml:82:13-34
90        <meta-data
90-->[:unityLibrary] AndroidManifest.xml:83:9-85:39
91            android:name="com.samsung.android.vr.application.mode"
91-->[:unityLibrary] AndroidManifest.xml:84:13-67
92            android:value="vr_only" />
92-->[:unityLibrary] AndroidManifest.xml:85:13-36
93        <meta-data
93-->[:unityLibrary] AndroidManifest.xml:86:9-88:36
94            android:name="com.oculus.handtracking.frequency"
94-->[:unityLibrary] AndroidManifest.xml:87:13-61
95            android:value="HIGH" />
95-->[:unityLibrary] AndroidManifest.xml:88:13-33
96        <meta-data
96-->[:unityLibrary] AndroidManifest.xml:89:9-91:36
97            android:name="com.oculus.handtracking.version"
97-->[:unityLibrary] AndroidManifest.xml:90:13-59
98            android:value="V2.0" />
98-->[:unityLibrary] AndroidManifest.xml:91:13-33
99        <meta-data
99-->[:unityLibrary] AndroidManifest.xml:92:9-94:44
100            android:name="com.oculus.supportedDevices"
100-->[:unityLibrary] AndroidManifest.xml:93:13-55
101            android:value="quest|quest2" />
101-->[:unityLibrary] AndroidManifest.xml:94:13-41
102        <meta-data
102-->[:unityLibrary] AndroidManifest.xml:95:9-97:33
103            android:name="unity.splash-mode"
103-->[:unityLibrary] AndroidManifest.xml:96:13-45
104            android:value="0" />
104-->[:unityLibrary] AndroidManifest.xml:97:13-30
105        <meta-data
105-->[:unityLibrary] AndroidManifest.xml:98:9-100:36
106            android:name="unity.splash-enable"
106-->[:unityLibrary] AndroidManifest.xml:99:13-47
107            android:value="True" />
107-->[:unityLibrary] AndroidManifest.xml:100:13-33
108        <meta-data
108-->[:unityLibrary] AndroidManifest.xml:101:9-103:36
109            android:name="unity.launch-fullscreen"
109-->[:unityLibrary] AndroidManifest.xml:102:13-51
110            android:value="True" />
110-->[:unityLibrary] AndroidManifest.xml:103:13-33
111        <meta-data
111-->[:unityLibrary] AndroidManifest.xml:104:9-106:37
112            android:name="unity.allow-resizable-window"
112-->[:unityLibrary] AndroidManifest.xml:105:13-56
113            android:value="False" />
113-->[:unityLibrary] AndroidManifest.xml:106:13-34
114        <meta-data
114-->[:unityLibrary] AndroidManifest.xml:107:9-109:50
115            android:name="notch.config"
115-->[:unityLibrary] AndroidManifest.xml:108:13-40
116            android:value="portrait|landscape" />
116-->[:unityLibrary] AndroidManifest.xml:109:13-47
117        <meta-data
117-->[:unityLibrary] AndroidManifest.xml:110:9-112:37
118            android:name="com.unity.xr.oculus.LowOverheadMode"
118-->[:unityLibrary] AndroidManifest.xml:111:13-63
119            android:value="false" />
119-->[:unityLibrary] AndroidManifest.xml:112:13-34
120        <meta-data
120-->[:unityLibrary] AndroidManifest.xml:113:9-115:37
121            android:name="com.unity.xr.oculus.LateLatching"
121-->[:unityLibrary] AndroidManifest.xml:114:13-60
122            android:value="false" />
122-->[:unityLibrary] AndroidManifest.xml:115:13-34
123        <meta-data
123-->[:unityLibrary] AndroidManifest.xml:116:9-118:37
124            android:name="com.unity.xr.oculus.LateLatchingDebug"
124-->[:unityLibrary] AndroidManifest.xml:117:13-65
125            android:value="false" />
125-->[:unityLibrary] AndroidManifest.xml:118:13-34
126    </application>
127
128</manifest>